This is pdfTeX, Version 3.14159265-2.6-1.40.20 (MiKTeX 2.9.7140 64-bit) (preloaded format=pdflatex 2019.8.11)  23 JAN 2020 01:33
entering extended mode
**C:/Users/gajee/Documents/MATLAB/MODI/MODI2Spr.tex
(C:/Users/gajee/Documents/MATLAB/MODI/MODI2Spr.tex
LaTeX2e <2018-12-01>
! Undefined control sequence.
l.1 \section
            {Wstęp}
? 
! Emergency stop.
l.1 \section
            {Wstęp}
End of file on the terminal!

 
Here is how much of TeX's memory you used:
 8 strings out of 492895
 240 string characters out of 3123735
 57029 words of memory out of 3000000
 4023 multiletter control sequences out of 15000+200000
 3640 words of font info for 14 fonts, out of 3000000 for 9000
 1141 hyphenation exceptions out of 8191
 5i,0n,1p,69b,8s stack positions out of 5000i,500n,10000p,200000b,50000s
!  ==> Fatal error occurred, no output PDF file produced!
